{"message":"Unauthorized request to path: /","level":"error"}
{"message":"Unauthorized request to path: /","level":"error"}
{"message":"Bookmark with id 1ddfa0da-63e0-4c7b-abbe-ddade8fc7c69 created","level":"info"}
{"message":"Bookmark with id b387d431-f592-4c3b-b3f2-028ed8460d4b created","level":"info"}
{"message":"Bookmark with id b387d431-f592-4c3b-b3f2-028ed8460d4b deleted.","level":"info"}
{"message":"Bookmark with id b387d431-f592-4c3b-b3f2-028ed8460d4b not found.","level":"error"}
{"message":"Bookmark with id 21c90fed-2860-4934-894f-1b12f098eb2a deleted.","level":"info"}
{"message":"Bookmark with id 1 not found.","level":"error"}
{"message":"Title is required","level":"error"}
{"message":"Title is required","level":"error"}
{"message":"Invalid rating '5' supplied","level":"error"}
{"message":"Invalid url 'sasffd' supplied","level":"error"}
{"message":"Rating is required","level":"error"}
{"message":"Invalid rating '7' supplied","level":"error"}
{"message":"Rating is required","level":"error"}
{"message":"Bookmark with id e8491056-8b11-4750-8dd3-ac0913d9c220 created","level":"info"}
{"message":"Rating is required","level":"error"}
{"message":"Bookmark with id 80ad6379-a2cb-4956-aa11-f1444c07ced1 created","level":"info"}
{"message":"Rating is required","level":"error"}
{"message":"Unauthorized request to path: /bookmarks/","level":"error"}
{"message":"Unauthorized request to path: /bookmarks/","level":"error"}
{"message":"Unauthorized request to path: /bookmarks/","level":"error"}
{"message":"Unauthorized request to path: /bookmarks/","level":"error"}
